{
  "RSpec": {
    "coverage": {
      "/Users/mattburgoyne/Desktop/Projects/oyster_card/spec/card_spec.rb": [
        1,
        null,
        1,
        null,
        8,
        4,
        3,
        2,
        1,
        null,
        1,
        null,
        1,
        1,
        null,
        null,
        1,
        1,
        null,
        null,
        1,
        1,
        null,
        null,
        null,
        null,
        null,
        1,
        1,
        1,
        null,
        null,
        1,
        2,
        null,
        null,
        null,
        1,
        1,
        1,
        1,
        null,
        null,
        null,
        1,
        null,
        null,
        null,
        1,
        2,
        null,
        null,
        1,
        null,
        1,
        1,
        null,
        null,
        1,
        null,
        1,
        null,
        null,
        null,
        null,
        null,
        null,
        1,
        null,
        1,
        1,
        4,
        null,
        null,
        null,
        null,
        null,
        null
      ],
      "/Users/mattburgoyne/Desktop/Projects/oyster_card/lib/app.rb": [
        1,
        1,
        1,
        1,
        1
      ],
      "/Users/mattburgoyne/Desktop/Projects/oyster_card/lib/card.rb": [
        1,
        1,
        1,
        null,
        1,
        1,
        1,
        1,
        1,
        null,
        1,
        null,
        10,
        null,
        10,
        10,
        null,
        null,
        null,
        1,
        null,
        3,
        2,
        null,
        null,
        null,
        1,
        3,
        null,
        3,
        2,
        2,
        null,
        null,
        null,
        null,
        null,
        null,
        null,
        null,
        null,
        null,
        null,
        null,
        1,
        1,
        null,
        null,
        1,
        1,
        null,
        null,
        null,
        null,
        null,
        null,
        null,
        null,
        1,
        null,
        1,
        3,
        null,
        null,
        1,
        null,
        0,
        null,
        null,
        1,
        null,
        3,
        null,
        null,
        null,
        1,
        2,
        null,
        null,
        1,
        1,
        null,
        null,
        1,
        1,
        null,
        null,
        1,
        1,
        1,
        1,
        1,
        null,
        null,
        1,
        1,
        null,
        null,
        null,
        null,
        null,
        null,
        null,
        null,
        null,
        null,
        null,
        null,
        null,
        null
      ],
      "/Users/mattburgoyne/Desktop/Projects/oyster_card/lib/journey_tracker.rb": [
        1,
        null,
        1,
        null,
        1,
        null,
        1,
        null,
        10,
        10,
        null,
        null,
        null,
        1,
        null,
        0,
        null,
        null,
        null,
        1,
        null,
        2,
        null,
        null,
        null,
        1,
        null,
        1,
        null,
        null,
        null
      ],
      "/Users/mattburgoyne/Desktop/Projects/oyster_card/lib/journey.rb": [
        1,
        1,
        null,
        null,
        null,
        1,
        1,
        1,
        null,
        1,
        null,
        11,
        11,
        null,
        null,
        null,
        null,
        null,
        1,
        0,
        0,
        null,
        null,
        null,
        1,
        0,
        null,
        null,
        1,
        null,
        2,
        null,
        null,
        1,
        null,
        1,
        null,
        null,
        null,
        1,
        null,
        2,
        null,
        null,
        null,
        1,
        null,
        2,
        null,
        null,
        null,
        1,
        2,
        2,
        null,
        0,
        null,
        null,
        null,
        null,
        null,
        null,
        null,
        null,
        null,
        null
      ],
      "/Users/mattburgoyne/Desktop/Projects/oyster_card/lib/fare.rb": [
        null,
        null,
        null,
        null,
        null,
        null,
        null,
        null,
        null,
        null,
        null,
        null,
        null,
        null,
        null,
        null,
        null,
        null
      ],
      "/Users/mattburgoyne/Desktop/Projects/oyster_card/lib/station.rb": [
        1,
        null,
        1,
        null,
        1,
        null,
        2,
        2,
        null,
        null,
        null,
        null,
        null
      ],
      "/Users/mattburgoyne/Desktop/Projects/oyster_card/spec/fare_spec.rb": [

      ],
      "/Users/mattburgoyne/Desktop/Projects/oyster_card/spec/journey_spec.rb": [

      ],
      "/Users/mattburgoyne/Desktop/Projects/oyster_card/spec/station_spec.rb": [
        1,
        null,
        1,
        2,
        1,
        1,
        null,
        null,
        null
      ]
    },
    "timestamp": 1522479372
  }
}
